[2025-11-14 21:35:34] [INFO] Executando statement 1: CREATE TABLE IF NOT EXISTS usuarios (
    id INTEGER PRIMARY KEY AUTOINCREMENT,
    nome VARCHAR(1...
[2025-11-14 21:35:34] [INFO] Executando statement 2: CREATE TABLE IF NOT EXISTS pontos_coleta (
    id INTEGER PRIMARY KEY AUTOINCREMENT,
    empresa V...
[2025-11-14 21:35:34] [INFO] Executando statement 3: CREATE TABLE IF NOT EXISTS materiais (
    id INTEGER PRIMARY KEY AUTOINCREMENT,
    nome VARCHAR(...
[2025-11-14 21:35:34] [INFO] Executando statement 4: CREATE TABLE IF NOT EXISTS ponto_coleta_materiais (
    id INTEGER PRIMARY KEY AUTOINCREMENT,
    ...
[2025-11-14 21:35:34] [INFO] Executando statement 5: CREATE INDEX IF NOT EXISTS idx_pontos_cep ON pontos_coleta(cep);...
[2025-11-14 21:35:34] [INFO] Executando statement 6: CREATE INDEX IF NOT EXISTS idx_pontos_ativo ON pontos_coleta(ativo);...
[2025-11-14 21:35:34] [INFO] Executando statement 7: CREATE INDEX IF NOT EXISTS idx_usuarios_email ON usuarios(email);...
[2025-11-14 21:35:34] [INFO] Executando statement 8: CREATE INDEX IF NOT EXISTS idx_ponto_materiais ON ponto_coleta_materiais(ponto_coleta_id, material_i...
[2025-11-14 21:35:34] [INFO] Executando statement 9: CREATE TRIGGER IF NOT EXISTS update_usuarios_timestamp 
AFTER UPDATE ON usuarios
BEGIN
    UPDATE...
[2025-11-14 21:35:34] [INFO] Executando statement 10: CREATE TRIGGER IF NOT EXISTS update_pontos_timestamp 
AFTER UPDATE ON pontos_coleta
BEGIN
    UPD...
[2025-11-14 21:35:34] [INFO] Executando statement 11: CREATE TRIGGER IF NOT EXISTS update_materiais_timestamp 
AFTER UPDATE ON materiais
BEGIN
    UPDA...
[2025-11-14 21:35:34] [INFO] Executando statement 12: INSERT OR IGNORE INTO materiais (nome, descricao, icone) VALUES
('Celulares e Smartphones', 'Aparel...
[2025-11-14 21:35:34] [INFO] Executando statement 13: INSERT OR IGNORE INTO usuarios (nome, email, senha) VALUES
('admin', 'admin@admin.com', '$2y$10$92I...
[2025-11-14 21:35:34] [INFO] Executando statement 14: ALTER TABLE pontos_coleta ADD COLUMN cidade VARCHAR(100);...
[2025-11-14 21:35:34] [INFO] Executando statement 15: ALTER TABLE pontos_coleta ADD COLUMN estado VARCHAR(2);...
[2025-11-14 21:35:34] [INFO] Executando statement 16: ALTER TABLE pontos_coleta ADD COLUMN bairro VARCHAR(100);...
[2025-11-14 21:35:34] [INFO] Migrations executadas com sucesso!
[2025-11-15 20:10:10] [INFO] Executando statement 1: CREATE TABLE IF NOT EXISTS usuarios (
    id INTEGER PRIMARY KEY AUTOINCREMENT,
    nome VARCHAR(1...
[2025-11-15 20:10:10] [INFO] Executando statement 2: CREATE TABLE IF NOT EXISTS pontos_coleta (
    id INTEGER PRIMARY KEY AUTOINCREMENT,
    empresa V...
[2025-11-15 20:10:10] [INFO] Executando statement 3: CREATE TABLE IF NOT EXISTS materiais (
    id INTEGER PRIMARY KEY AUTOINCREMENT,
    nome VARCHAR(...
[2025-11-15 20:10:10] [INFO] Executando statement 4: CREATE TABLE IF NOT EXISTS ponto_coleta_materiais (
    id INTEGER PRIMARY KEY AUTOINCREMENT,
    ...
[2025-11-15 20:10:10] [INFO] Executando statement 5: CREATE INDEX IF NOT EXISTS idx_pontos_cep ON pontos_coleta(cep);...
[2025-11-15 20:10:10] [INFO] Executando statement 6: CREATE INDEX IF NOT EXISTS idx_pontos_ativo ON pontos_coleta(ativo);...
[2025-11-15 20:10:10] [INFO] Executando statement 7: CREATE INDEX IF NOT EXISTS idx_usuarios_email ON usuarios(email);...
[2025-11-15 20:10:10] [INFO] Executando statement 8: CREATE INDEX IF NOT EXISTS idx_ponto_materiais ON ponto_coleta_materiais(ponto_coleta_id, material_i...
[2025-11-15 20:10:10] [INFO] Executando statement 9: CREATE TRIGGER IF NOT EXISTS update_usuarios_timestamp 
AFTER UPDATE ON usuarios
BEGIN
    UPDATE...
[2025-11-15 20:10:10] [INFO] Executando statement 10: CREATE TRIGGER IF NOT EXISTS update_pontos_timestamp 
AFTER UPDATE ON pontos_coleta
BEGIN
    UPD...
[2025-11-15 20:10:10] [INFO] Executando statement 11: CREATE TRIGGER IF NOT EXISTS update_materiais_timestamp 
AFTER UPDATE ON materiais
BEGIN
    UPDA...
[2025-11-15 20:10:10] [INFO] Executando statement 12: INSERT OR IGNORE INTO materiais (nome, descricao, icone) VALUES
('Celulares e Smartphones', 'Aparel...
[2025-11-15 20:10:10] [INFO] Executando statement 13: INSERT OR IGNORE INTO usuarios (nome, email, senha) VALUES
('admin', 'admin@admin.com', '$2y$10$92I...
[2025-11-15 20:10:10] [INFO] Migrations executadas com sucesso!
[2025-11-15 20:18:11] [ERROR] 📄 Exibindo formulário de login via GET
[2025-11-15 20:18:15] [ERROR] 🔐 Processando autenticação via POST
[2025-11-15 20:18:15] [ERROR] 📄 Exibindo formulário de login via GET
[2025-11-15 20:21:04] [ERROR] 📄 Exibindo formulário de login via GET
[2025-11-15 20:21:07] [ERROR] 🔐 Processando autenticação via POST
[2025-11-15 20:21:07] [INFO] === INÍCIO AUTENTICAÇÃO ===
[2025-11-15 20:21:07] [INFO] Login tentado com: admin
[2025-11-15 20:21:07] [INFO] Senha recebida (length): 8
[2025-11-15 20:21:07] [INFO] 🔍 Buscando por EMAIL: admin
[2025-11-15 20:21:07] [ERROR] ⚠️ Não encontrado por email, tentando por NOME...
[2025-11-15 20:21:07] [INFO] ✅ Usuário encontrado: ID=1, Nome=admin
[2025-11-15 20:21:07] [INFO] Hash no banco: $2y$10$92IXUNpkjO0rOQ5byMi.Ye4...
[2025-11-15 20:21:07] [INFO] 🔐 Verificando senha...
[2025-11-15 20:21:08] [INFO] Resultado verificação: ❌ INCORRETA
[2025-11-15 20:21:08] [ERROR] ❌ Senha incorreta para usuário: admin
[2025-11-15 20:21:08] [INFO] Teste direto password_verify: FALHOU
[2025-11-15 20:21:08] [ERROR] 📄 Exibindo formulário de login via GET
[2025-11-15 20:25:05] [ERROR] 🔐 Processando autenticação via POST
[2025-11-15 20:25:05] [INFO] === INÍCIO AUTENTICAÇÃO ===
[2025-11-15 20:25:05] [INFO] Login tentado com: admin
[2025-11-15 20:25:05] [INFO] Senha recebida (length): 8
[2025-11-15 20:25:05] [INFO] 🔍 Buscando por EMAIL: admin
[2025-11-15 20:25:05] [ERROR] ⚠️ Não encontrado por email, tentando por NOME...
[2025-11-15 20:25:05] [INFO] ✅ Usuário encontrado: ID=1, Nome=admin
[2025-11-15 20:25:05] [INFO] Hash no banco: $2y$10$92IXUNpkjO0rOQ5byMi.Ye4...
[2025-11-15 20:25:05] [INFO] 🔐 Verificando senha...
[2025-11-15 20:25:05] [INFO] Resultado verificação: ✅ CORRETA
[2025-11-15 20:25:05] [INFO] ✅ Senha correta! Criando sessão...
[2025-11-15 20:25:05] [INFO] ✅ Login realizado com sucesso!
[2025-11-15 20:25:05] [INFO] === FIM AUTENTICAÇÃO ===
[2025-11-15 20:25:07] [ERROR] 📄 Exibindo formulário de login via GET
[2025-11-15 20:26:02] [INFO] Executando statement 1: CREATE TABLE IF NOT EXISTS usuarios (
    id INTEGER PRIMARY KEY AUTOINCREMENT,
    nome VARCHAR(1...
[2025-11-15 20:26:02] [INFO] Executando statement 2: CREATE TABLE IF NOT EXISTS pontos_coleta (
    id INTEGER PRIMARY KEY AUTOINCREMENT,
    empresa V...
[2025-11-15 20:26:02] [INFO] Executando statement 3: CREATE TABLE IF NOT EXISTS materiais (
    id INTEGER PRIMARY KEY AUTOINCREMENT,
    nome VARCHAR(...
[2025-11-15 20:26:02] [INFO] Executando statement 4: CREATE TABLE IF NOT EXISTS ponto_coleta_materiais (
    id INTEGER PRIMARY KEY AUTOINCREMENT,
    ...
[2025-11-15 20:26:02] [INFO] Executando statement 5: CREATE INDEX IF NOT EXISTS idx_pontos_cep ON pontos_coleta(cep);...
[2025-11-15 20:26:02] [INFO] Executando statement 6: CREATE INDEX IF NOT EXISTS idx_pontos_ativo ON pontos_coleta(ativo);...
[2025-11-15 20:26:02] [INFO] Executando statement 7: CREATE INDEX IF NOT EXISTS idx_usuarios_email ON usuarios(email);...
[2025-11-15 20:26:02] [INFO] Executando statement 8: CREATE INDEX IF NOT EXISTS idx_ponto_materiais ON ponto_coleta_materiais(ponto_coleta_id, material_i...
[2025-11-15 20:26:02] [INFO] Executando statement 9: CREATE TRIGGER IF NOT EXISTS update_usuarios_timestamp 
AFTER UPDATE ON usuarios
BEGIN
    UPDATE...
[2025-11-15 20:26:02] [INFO] Executando statement 10: CREATE TRIGGER IF NOT EXISTS update_pontos_timestamp 
AFTER UPDATE ON pontos_coleta
BEGIN
    UPD...
[2025-11-15 20:26:02] [INFO] Executando statement 11: CREATE TRIGGER IF NOT EXISTS update_materiais_timestamp 
AFTER UPDATE ON materiais
BEGIN
    UPDA...
[2025-11-15 20:26:02] [INFO] Executando statement 12: INSERT OR IGNORE INTO materiais (nome, descricao, icone) VALUES
('Celulares e Smartphones', 'Aparel...
[2025-11-15 20:26:02] [INFO] Executando statement 13: INSERT OR IGNORE INTO usuarios (nome, email, senha) VALUES
('admin', 'admin@admin.com', '$2b$12$eLX...
[2025-11-15 20:26:02] [INFO] Migrations executadas com sucesso!
[2025-11-15 20:26:06] [ERROR] 📄 Exibindo formulário de login via GET
[2025-11-15 20:26:13] [ERROR] 📄 Exibindo formulário de login via GET
[2025-11-15 20:26:17] [ERROR] 🔐 Processando autenticação via POST
[2025-11-15 20:26:17] [INFO] === INÍCIO AUTENTICAÇÃO ===
[2025-11-15 20:26:17] [INFO] Login tentado com: admin
[2025-11-15 20:26:17] [INFO] Senha recebida (length): 8
[2025-11-15 20:26:17] [INFO] 🔍 Buscando por EMAIL: admin
[2025-11-15 20:26:17] [ERROR] ⚠️ Não encontrado por email, tentando por NOME...
[2025-11-15 20:26:17] [INFO] ✅ Usuário encontrado: ID=1, Nome=admin
[2025-11-15 20:26:17] [INFO] Hash no banco: $2b$12$eLXfaVXxyE9iOULVkcHuUeZ...
[2025-11-15 20:26:17] [INFO] 🔐 Verificando senha...
[2025-11-15 20:26:17] [INFO] Resultado verificação: ✅ CORRETA
[2025-11-15 20:26:17] [INFO] ✅ Senha correta! Criando sessão...
[2025-11-15 20:26:17] [INFO] ✅ Login realizado com sucesso!
[2025-11-15 20:26:17] [INFO] === FIM AUTENTICAÇÃO ===
